0 info it worked if it ends with ok
1 verbose cli [ 'C:\\Program Files\\nodejs\\node.exe',
1 verbose cli   'C:\\Users\\ntbaker\\AppData\\Roaming\\npm\\node_modules\\npm\\bin\\npm-cli.js',
1 verbose cli   'start' ]
2 info using npm@3.10.6
3 info using node@v4.5.0
4 verbose run-script [ 'prestart', 'start', 'poststart' ]
5 info lifecycle stapp@0.0.1~prestart: stapp@0.0.1
6 silly lifecycle stapp@0.0.1~prestart: no script for prestart, continuing
7 info lifecycle stapp@0.0.1~start: stapp@0.0.1
8 verbose lifecycle stapp@0.0.1~start: unsafe-perm in lifecycle true
9 verbose lifecycle stapp@0.0.1~start: PATH: C:\Users\ntbaker\AppData\Roaming\npm\node_modules\npm\bin\node-gyp-bin;C:\Users\ntbaker\Documents\GitHub\stapp\node_modules\.bin;C:\Users\ntbaker\AppData\Roaming\npm;C:\Program Files\nodejs\;C:\Program Files (x86)\NVIDIA Corporation\PhysX\Common;C:\ProgramData\Oracle\Java\javapath;C:\Program Files (x86)\AMD APP\bin\x86_64;C:\Program Files (x86)\AMD APP\bin\x86;C:\WINDOWS\system32;C:\WINDOWS;C:\WINDOWS\System32\Wbem;C:\WINDOWS\System32\WindowsPowerShell\v1.0\;C:\Program Files (x86)\ATI Technologies\ATI.ACE\Core-Static;C:\Program Files (x86)\Microsoft SQL Server\100\Tools\Binn\;C:\Program Files\Microsoft SQL Server\100\Tools\Binn\;C:\Program Files\Microsoft SQL Server\100\DTS\Binn\;c:\Python33;c:\Python33\scripts;E:\Programs\PuTTY;C:\Program Files (x86)\QuickTime\QTSystem\;C:\Users\ntbaker\AppData\Local\GitHub\PortableGit_6d98349f44ba975cf6c762a720f8259a267ea445\cmd;C:\Users\ntbaker\AppData\Local\GitHub\PortableGit_6d98349f44ba975cf6c762a720f8259a267ea445\bin;C:\Users\ntbaker\.dnx\bin;C:\Program Files\Microsoft DNX\Dnvm\;C:\Program Files (x86)\Git\cmd;C:\Program Files (x86)\AMD\ATI.ACE\Core-Static;C:\Program Files (x86)\Skype\Phone\;C:\Program Files\nodejs\;C:\Users\ntbaker\AppData\Local\atom\bin;C:\Users\ntbaker\AppData\Roaming\npm
10 verbose lifecycle stapp@0.0.1~start: CWD: C:\Users\ntbaker\Documents\GitHub\stapp
11 silly lifecycle stapp@0.0.1~start: Args: [ '/d /s /c', 'node ./bin/www' ]
12 silly lifecycle stapp@0.0.1~start: Returned: code: 1  signal: null
13 info lifecycle stapp@0.0.1~start: Failed to exec start script
14 verbose stack Error: stapp@0.0.1 start: `node ./bin/www`
14 verbose stack Exit status 1
14 verbose stack     at EventEmitter.<anonymous> (C:\Users\ntbaker\AppData\Roaming\npm\node_modules\npm\lib\utils\lifecycle.js:255:16)
14 verbose stack     at emitTwo (events.js:87:13)
14 verbose stack     at EventEmitter.emit (events.js:172:7)
14 verbose stack     at ChildProcess.<anonymous> (C:\Users\ntbaker\AppData\Roaming\npm\node_modules\npm\lib\utils\spawn.js:40:14)
14 verbose stack     at emitTwo (events.js:87:13)
14 verbose stack     at ChildProcess.emit (events.js:172:7)
14 verbose stack     at maybeClose (internal/child_process.js:829:16)
14 verbose stack     at Process.ChildProcess._handle.onexit (internal/child_process.js:211:5)
15 verbose pkgid stapp@0.0.1
16 verbose cwd C:\Users\ntbaker\Documents\GitHub\stapp
17 error Windows_NT 10.0.10586
18 error argv "C:\\Program Files\\nodejs\\node.exe" "C:\\Users\\ntbaker\\AppData\\Roaming\\npm\\node_modules\\npm\\bin\\npm-cli.js" "start"
19 error node v4.5.0
20 error npm  v3.10.6
21 error code ELIFECYCLE
22 error stapp@0.0.1 start: `node ./bin/www`
22 error Exit status 1
23 error Failed at the stapp@0.0.1 start script 'node ./bin/www'.
23 error Make sure you have the latest version of node.js and npm installed.
23 error If you do, this is most likely a problem with the stapp package,
23 error not with npm itself.
23 error Tell the author that this fails on your system:
23 error     node ./bin/www
23 error You can get information on how to open an issue for this project with:
23 error     npm bugs stapp
23 error Or if that isn't available, you can get their info via:
23 error     npm owner ls stapp
23 error There is likely additional logging output above.
24 verbose exit [ 1, true ]
